Performing C SOURCE FILE Test HAVE_GCC_WDOCUMENTATION failed with the following output:
Change Dir: /home/decaianinfinity/_programming_/ember_engine/build/CMakeFiles/CMakeScratch/TryCompile-z2vfHa

Run Build Command(s):/usr/bin/gmake -f Makefile cmTC_af149/fast && /usr/bin/gmake  -f CMakeFiles/cmTC_af149.dir/build.make CMakeFiles/cmTC_af149.dir/build
gmake[1]: Entering directory '/home/decaianinfinity/_programming_/ember_engine/build/CMakeFiles/CMakeScratch/TryCompile-z2vfHa'
Building C object CMakeFiles/cmTC_af149.dir/src.c.o
/usr/bin/cc -DHAVE_GCC_WDOCUMENTATION  -D_GNU_SOURCE=1   -Wdocumentation -std=gnu11 -o CMakeFiles/cmTC_af149.dir/src.c.o -c /home/decaianinfinity/_programming_/ember_engine/build/CMakeFiles/CMakeScratch/TryCompile-z2vfHa/src.c
cc: error: unrecognized command-line option '-Wdocumentation'
gmake[1]: *** [CMakeFiles/cmTC_af149.dir/build.make:78: CMakeFiles/cmTC_af149.dir/src.c.o] Error 1
gmake[1]: Leaving directory '/home/decaianinfinity/_programming_/ember_engine/build/CMakeFiles/CMakeScratch/TryCompile-z2vfHa'
gmake: *** [Makefile:127: cmTC_af149/fast] Error 2


Source file was:
int main(void) { return 0; }

Performing C SOURCE FILE Test HAVE_GCC_WDOCUMENTATION_UNKNOWN_COMMAND failed with the following output:
Change Dir: /home/decaianinfinity/_programming_/ember_engine/build/CMakeFiles/CMakeScratch/TryCompile-0j4pHF

Run Build Command(s):/usr/bin/gmake -f Makefile cmTC_e6a6e/fast && /usr/bin/gmake  -f CMakeFiles/cmTC_e6a6e.dir/build.make CMakeFiles/cmTC_e6a6e.dir/build
gmake[1]: Entering directory '/home/decaianinfinity/_programming_/ember_engine/build/CMakeFiles/CMakeScratch/TryCompile-0j4pHF'
Building C object CMakeFiles/cmTC_e6a6e.dir/src.c.o
/usr/bin/cc -DHAVE_GCC_WDOCUMENTATION_UNKNOWN_COMMAND  -D_GNU_SOURCE=1   -Wdocumentation-unknown-command -std=gnu11 -o CMakeFiles/cmTC_e6a6e.dir/src.c.o -c /home/decaianinfinity/_programming_/ember_engine/build/CMakeFiles/CMakeScratch/TryCompile-0j4pHF/src.c
cc: error: unrecognized command-line option '-Wdocumentation-unknown-command'
gmake[1]: *** [CMakeFiles/cmTC_e6a6e.dir/build.make:78: CMakeFiles/cmTC_e6a6e.dir/src.c.o] Error 1
gmake[1]: Leaving directory '/home/decaianinfinity/_programming_/ember_engine/build/CMakeFiles/CMakeScratch/TryCompile-0j4pHF'
gmake: *** [Makefile:127: cmTC_e6a6e/fast] Error 2


Source file was:
int main(void) { return 0; }

Performing C SOURCE FILE Test HAVE_GCC_COMMENT_BLOCK_COMMANDS failed with the following output:
Change Dir: /home/decaianinfinity/_programming_/ember_engine/build/CMakeFiles/CMakeScratch/TryCompile-Lic69b

Run Build Command(s):/usr/bin/gmake -f Makefile cmTC_28dcb/fast && /usr/bin/gmake  -f CMakeFiles/cmTC_28dcb.dir/build.make CMakeFiles/cmTC_28dcb.dir/build
gmake[1]: Entering directory '/home/decaianinfinity/_programming_/ember_engine/build/CMakeFiles/CMakeScratch/TryCompile-Lic69b'
Building C object CMakeFiles/cmTC_28dcb.dir/src.c.o
/usr/bin/cc -DHAVE_GCC_COMMENT_BLOCK_COMMANDS  -D_GNU_SOURCE=1   -fcomment-block-commands=threadsafety -std=gnu11 -o CMakeFiles/cmTC_28dcb.dir/src.c.o -c /home/decaianinfinity/_programming_/ember_engine/build/CMakeFiles/CMakeScratch/TryCompile-Lic69b/src.c
cc: error: unrecognized command-line option '-fcomment-block-commands=threadsafety'
gmake[1]: *** [CMakeFiles/cmTC_28dcb.dir/build.make:78: CMakeFiles/cmTC_28dcb.dir/src.c.o] Error 1
gmake[1]: Leaving directory '/home/decaianinfinity/_programming_/ember_engine/build/CMakeFiles/CMakeScratch/TryCompile-Lic69b'
gmake: *** [Makefile:127: cmTC_28dcb/fast] Error 2


Source file was:
int main(void) { return 0; }

Performing C SOURCE FILE Test HAVE_CLANG_COMMENT_BLOCK_COMMANDS failed with the following output:
Change Dir: /home/decaianinfinity/_programming_/ember_engine/build/CMakeFiles/CMakeScratch/TryCompile-Ruu8mN

Run Build Command(s):/usr/bin/gmake -f Makefile cmTC_21f18/fast && /usr/bin/gmake  -f CMakeFiles/cmTC_21f18.dir/build.make CMakeFiles/cmTC_21f18.dir/build
gmake[1]: Entering directory '/home/decaianinfinity/_programming_/ember_engine/build/CMakeFiles/CMakeScratch/TryCompile-Ruu8mN'
Building C object CMakeFiles/cmTC_21f18.dir/src.c.o
/usr/bin/cc -DHAVE_CLANG_COMMENT_BLOCK_COMMANDS  -D_GNU_SOURCE=1   /clang:-fcomment-block-commands=threadsafety -std=gnu11 -o CMakeFiles/cmTC_21f18.dir/src.c.o -c /home/decaianinfinity/_programming_/ember_engine/build/CMakeFiles/CMakeScratch/TryCompile-Ruu8mN/src.c
cc: warning: /clang:-fcomment-block-commands=threadsafety: linker input file unused because linking not done
cc: error: /clang:-fcomment-block-commands=threadsafety: linker input file not found: No such file or directory
gmake[1]: *** [CMakeFiles/cmTC_21f18.dir/build.make:78: CMakeFiles/cmTC_21f18.dir/src.c.o] Error 1
gmake[1]: *** Deleting file 'CMakeFiles/cmTC_21f18.dir/src.c.o'
gmake[1]: Leaving directory '/home/decaianinfinity/_programming_/ember_engine/build/CMakeFiles/CMakeScratch/TryCompile-Ruu8mN'
gmake: *** [Makefile:127: cmTC_21f18/fast] Error 2


Source file was:
int main(void) { return 0; }

Determining if the _i64toa exist failed with the following output:
Change Dir: /home/decaianinfinity/_programming_/ember_engine/build/CMakeFiles/CMakeScratch/TryCompile-yJCwno

Run Build Command(s):/usr/bin/gmake -f Makefile cmTC_b3415/fast && /usr/bin/gmake  -f CMakeFiles/cmTC_b3415.dir/build.make CMakeFiles/cmTC_b3415.dir/build
gmake[1]: Entering directory '/home/decaianinfinity/_programming_/ember_engine/build/CMakeFiles/CMakeScratch/TryCompile-yJCwno'
Building C object CMakeFiles/cmTC_b3415.dir/CheckSymbolExists.c.o
/usr/bin/cc   -D_GNU_SOURCE=1 -std=gnu11 -o CMakeFiles/cmTC_b3415.dir/CheckSymbolExists.c.o -c /home/decaianinfinity/_programming_/ember_engine/build/CMakeFiles/CMakeScratch/TryCompile-yJCwno/CheckSymbolExists.c
/home/decaianinfinity/_programming_/ember_engine/build/CMakeFiles/CMakeScratch/TryCompile-yJCwno/CheckSymbolExists.c: In function ‘main’:
/home/decaianinfinity/_programming_/ember_engine/build/CMakeFiles/CMakeScratch/TryCompile-yJCwno/CheckSymbolExists.c:26:19: error: ‘_i64toa’ undeclared (first use in this function)
   26 |   return ((int*)(&_i64toa))[argc];
      |                   ^~~~~~~
/home/decaianinfinity/_programming_/ember_engine/build/CMakeFiles/CMakeScratch/TryCompile-yJCwno/CheckSymbolExists.c:26:19: note: each undeclared identifier is reported only once for each function it appears in
gmake[1]: *** [CMakeFiles/cmTC_b3415.dir/build.make:78: CMakeFiles/cmTC_b3415.dir/CheckSymbolExists.c.o] Error 1
gmake[1]: Leaving directory '/home/decaianinfinity/_programming_/ember_engine/build/CMakeFiles/CMakeScratch/TryCompile-yJCwno'
gmake: *** [Makefile:127: cmTC_b3415/fast] Error 2


File CheckSymbolExists.c:
/* */
#include <float.h>
#include <iconv.h>
#include <inttypes.h>
#include <limits.h>
#include <malloc.h>
#include <math.h>
#include <memory.h>
#include <signal.h>
#include <stdarg.h>
#include <stdbool.h>
#include <stddef.h>
#include <stdint.h>
#include <stdio.h>
#include <stdlib.h>
#include <string.h>
#include <strings.h>
#include <sys/types.h>
#include <time.h>
#include <wchar.h>

int main(int argc, char** argv)
{
  (void)argv;
#ifndef _i64toa
  return ((int*)(&_i64toa))[argc];
#else
  (void)argc;
  return 0;
#endif
}
Determining if the itoa exist failed with the following output:
Change Dir: /home/decaianinfinity/_programming_/ember_engine/build/CMakeFiles/CMakeScratch/TryCompile-aorsFR

Run Build Command(s):/usr/bin/gmake -f Makefile cmTC_81418/fast && /usr/bin/gmake  -f CMakeFiles/cmTC_81418.dir/build.make CMakeFiles/cmTC_81418.dir/build
gmake[1]: Entering directory '/home/decaianinfinity/_programming_/ember_engine/build/CMakeFiles/CMakeScratch/TryCompile-aorsFR'
Building C object CMakeFiles/cmTC_81418.dir/CheckSymbolExists.c.o
/usr/bin/cc   -D_GNU_SOURCE=1 -std=gnu11 -o CMakeFiles/cmTC_81418.dir/CheckSymbolExists.c.o -c /home/decaianinfinity/_programming_/ember_engine/build/CMakeFiles/CMakeScratch/TryCompile-aorsFR/CheckSymbolExists.c
/home/decaianinfinity/_programming_/ember_engine/build/CMakeFiles/CMakeScratch/TryCompile-aorsFR/CheckSymbolExists.c: In function ‘main’:
/home/decaianinfinity/_programming_/ember_engine/build/CMakeFiles/CMakeScratch/TryCompile-aorsFR/CheckSymbolExists.c:26:19: error: ‘itoa’ undeclared (first use in this function)
   26 |   return ((int*)(&itoa))[argc];
      |                   ^~~~
/home/decaianinfinity/_programming_/ember_engine/build/CMakeFiles/CMakeScratch/TryCompile-aorsFR/CheckSymbolExists.c:26:19: note: each undeclared identifier is reported only once for each function it appears in
gmake[1]: *** [CMakeFiles/cmTC_81418.dir/build.make:78: CMakeFiles/cmTC_81418.dir/CheckSymbolExists.c.o] Error 1
gmake[1]: Leaving directory '/home/decaianinfinity/_programming_/ember_engine/build/CMakeFiles/CMakeScratch/TryCompile-aorsFR'
gmake: *** [Makefile:127: cmTC_81418/fast] Error 2


File CheckSymbolExists.c:
/* */
#include <float.h>
#include <iconv.h>
#include <inttypes.h>
#include <limits.h>
#include <malloc.h>
#include <math.h>
#include <memory.h>
#include <signal.h>
#include <stdarg.h>
#include <stdbool.h>
#include <stddef.h>
#include <stdint.h>
#include <stdio.h>
#include <stdlib.h>
#include <string.h>
#include <strings.h>
#include <sys/types.h>
#include <time.h>
#include <wchar.h>

int main(int argc, char** argv)
{
  (void)argv;
#ifndef itoa
  return ((int*)(&itoa))[argc];
#else
  (void)argc;
  return 0;
#endif
}
Determining if the _ltoa exist failed with the following output:
Change Dir: /home/decaianinfinity/_programming_/ember_engine/build/CMakeFiles/CMakeScratch/TryCompile-wXzUEt

Run Build Command(s):/usr/bin/gmake -f Makefile cmTC_1e894/fast && /usr/bin/gmake  -f CMakeFiles/cmTC_1e894.dir/build.make CMakeFiles/cmTC_1e894.dir/build
gmake[1]: Entering directory '/home/decaianinfinity/_programming_/ember_engine/build/CMakeFiles/CMakeScratch/TryCompile-wXzUEt'
Building C object CMakeFiles/cmTC_1e894.dir/CheckSymbolExists.c.o
/usr/bin/cc   -D_GNU_SOURCE=1 -std=gnu11 -o CMakeFiles/cmTC_1e894.dir/CheckSymbolExists.c.o -c /home/decaianinfinity/_programming_/ember_engine/build/CMakeFiles/CMakeScratch/TryCompile-wXzUEt/CheckSymbolExists.c
/home/decaianinfinity/_programming_/ember_engine/build/CMakeFiles/CMakeScratch/TryCompile-wXzUEt/CheckSymbolExists.c: In function ‘main’:
/home/decaianinfinity/_programming_/ember_engine/build/CMakeFiles/CMakeScratch/TryCompile-wXzUEt/CheckSymbolExists.c:26:19: error: ‘_ltoa’ undeclared (first use in this function)
   26 |   return ((int*)(&_ltoa))[argc];
      |                   ^~~~~
/home/decaianinfinity/_programming_/ember_engine/build/CMakeFiles/CMakeScratch/TryCompile-wXzUEt/CheckSymbolExists.c:26:19: note: each undeclared identifier is reported only once for each function it appears in
gmake[1]: *** [CMakeFiles/cmTC_1e894.dir/build.make:78: CMakeFiles/cmTC_1e894.dir/CheckSymbolExists.c.o] Error 1
gmake[1]: Leaving directory '/home/decaianinfinity/_programming_/ember_engine/build/CMakeFiles/CMakeScratch/TryCompile-wXzUEt'
gmake: *** [Makefile:127: cmTC_1e894/fast] Error 2


File CheckSymbolExists.c:
/* */
#include <float.h>
#include <iconv.h>
#include <inttypes.h>
#include <limits.h>
#include <malloc.h>
#include <math.h>
#include <memory.h>
#include <signal.h>
#include <stdarg.h>
#include <stdbool.h>
#include <stddef.h>
#include <stdint.h>
#include <stdio.h>
#include <stdlib.h>
#include <string.h>
#include <strings.h>
#include <sys/types.h>
#include <time.h>
#include <wchar.h>

int main(int argc, char** argv)
{
  (void)argv;
#ifndef _ltoa
  return ((int*)(&_ltoa))[argc];
#else
  (void)argc;
  return 0;
#endif
}
Determining if the sqr exist failed with the following output:
Change Dir: /home/decaianinfinity/_programming_/ember_engine/build/CMakeFiles/CMakeScratch/TryCompile-hrWjRG

Run Build Command(s):/usr/bin/gmake -f Makefile cmTC_49521/fast && /usr/bin/gmake  -f CMakeFiles/cmTC_49521.dir/build.make CMakeFiles/cmTC_49521.dir/build
gmake[1]: Entering directory '/home/decaianinfinity/_programming_/ember_engine/build/CMakeFiles/CMakeScratch/TryCompile-hrWjRG'
Building C object CMakeFiles/cmTC_49521.dir/CheckSymbolExists.c.o
/usr/bin/cc   -D_GNU_SOURCE=1 -std=gnu11 -o CMakeFiles/cmTC_49521.dir/CheckSymbolExists.c.o -c /home/decaianinfinity/_programming_/ember_engine/build/CMakeFiles/CMakeScratch/TryCompile-hrWjRG/CheckSymbolExists.c
/home/decaianinfinity/_programming_/ember_engine/build/CMakeFiles/CMakeScratch/TryCompile-hrWjRG/CheckSymbolExists.c: In function ‘main’:
/home/decaianinfinity/_programming_/ember_engine/build/CMakeFiles/CMakeScratch/TryCompile-hrWjRG/CheckSymbolExists.c:26:19: error: ‘sqr’ undeclared (first use in this function); did you mean ‘sqrt’?
   26 |   return ((int*)(&sqr))[argc];
      |                   ^~~
      |                   sqrt
/home/decaianinfinity/_programming_/ember_engine/build/CMakeFiles/CMakeScratch/TryCompile-hrWjRG/CheckSymbolExists.c:26:19: note: each undeclared identifier is reported only once for each function it appears in
gmake[1]: *** [CMakeFiles/cmTC_49521.dir/build.make:78: CMakeFiles/cmTC_49521.dir/CheckSymbolExists.c.o] Error 1
gmake[1]: Leaving directory '/home/decaianinfinity/_programming_/ember_engine/build/CMakeFiles/CMakeScratch/TryCompile-hrWjRG'
gmake: *** [Makefile:127: cmTC_49521/fast] Error 2


File CheckSymbolExists.c:
/* */
#include <float.h>
#include <iconv.h>
#include <inttypes.h>
#include <limits.h>
#include <malloc.h>
#include <math.h>
#include <memory.h>
#include <signal.h>
#include <stdarg.h>
#include <stdbool.h>
#include <stddef.h>
#include <stdint.h>
#include <stdio.h>
#include <stdlib.h>
#include <string.h>
#include <strings.h>
#include <sys/types.h>
#include <time.h>
#include <wchar.h>

int main(int argc, char** argv)
{
  (void)argv;
#ifndef sqr
  return ((int*)(&sqr))[argc];
#else
  (void)argc;
  return 0;
#endif
}
Determining if the strlcat exist failed with the following output:
Change Dir: /home/decaianinfinity/_programming_/ember_engine/build/CMakeFiles/CMakeScratch/TryCompile-rIX5Aq

Run Build Command(s):/usr/bin/gmake -f Makefile cmTC_076ea/fast && /usr/bin/gmake  -f CMakeFiles/cmTC_076ea.dir/build.make CMakeFiles/cmTC_076ea.dir/build
gmake[1]: Entering directory '/home/decaianinfinity/_programming_/ember_engine/build/CMakeFiles/CMakeScratch/TryCompile-rIX5Aq'
Building C object CMakeFiles/cmTC_076ea.dir/CheckSymbolExists.c.o
/usr/bin/cc   -D_GNU_SOURCE=1 -std=gnu11 -o CMakeFiles/cmTC_076ea.dir/CheckSymbolExists.c.o -c /home/decaianinfinity/_programming_/ember_engine/build/CMakeFiles/CMakeScratch/TryCompile-rIX5Aq/CheckSymbolExists.c
/home/decaianinfinity/_programming_/ember_engine/build/CMakeFiles/CMakeScratch/TryCompile-rIX5Aq/CheckSymbolExists.c: In function ‘main’:
/home/decaianinfinity/_programming_/ember_engine/build/CMakeFiles/CMakeScratch/TryCompile-rIX5Aq/CheckSymbolExists.c:26:19: error: ‘strlcat’ undeclared (first use in this function); did you mean ‘strncat’?
   26 |   return ((int*)(&strlcat))[argc];
      |                   ^~~~~~~
      |                   strncat
/home/decaianinfinity/_programming_/ember_engine/build/CMakeFiles/CMakeScratch/TryCompile-rIX5Aq/CheckSymbolExists.c:26:19: note: each undeclared identifier is reported only once for each function it appears in
gmake[1]: *** [CMakeFiles/cmTC_076ea.dir/build.make:78: CMakeFiles/cmTC_076ea.dir/CheckSymbolExists.c.o] Error 1
gmake[1]: Leaving directory '/home/decaianinfinity/_programming_/ember_engine/build/CMakeFiles/CMakeScratch/TryCompile-rIX5Aq'
gmake: *** [Makefile:127: cmTC_076ea/fast] Error 2


File CheckSymbolExists.c:
/* */
#include <float.h>
#include <iconv.h>
#include <inttypes.h>
#include <limits.h>
#include <malloc.h>
#include <math.h>
#include <memory.h>
#include <signal.h>
#include <stdarg.h>
#include <stdbool.h>
#include <stddef.h>
#include <stdint.h>
#include <stdio.h>
#include <stdlib.h>
#include <string.h>
#include <strings.h>
#include <sys/types.h>
#include <time.h>
#include <wchar.h>

int main(int argc, char** argv)
{
  (void)argv;
#ifndef strlcat
  return ((int*)(&strlcat))[argc];
#else
  (void)argc;
  return 0;
#endif
}
Determining if the strlcpy exist failed with the following output:
Change Dir: /home/decaianinfinity/_programming_/ember_engine/build/CMakeFiles/CMakeScratch/TryCompile-3TAT5f

Run Build Command(s):/usr/bin/gmake -f Makefile cmTC_f6be5/fast && /usr/bin/gmake  -f CMakeFiles/cmTC_f6be5.dir/build.make CMakeFiles/cmTC_f6be5.dir/build
gmake[1]: Entering directory '/home/decaianinfinity/_programming_/ember_engine/build/CMakeFiles/CMakeScratch/TryCompile-3TAT5f'
Building C object CMakeFiles/cmTC_f6be5.dir/CheckSymbolExists.c.o
/usr/bin/cc   -D_GNU_SOURCE=1 -std=gnu11 -o CMakeFiles/cmTC_f6be5.dir/CheckSymbolExists.c.o -c /home/decaianinfinity/_programming_/ember_engine/build/CMakeFiles/CMakeScratch/TryCompile-3TAT5f/CheckSymbolExists.c
/home/decaianinfinity/_programming_/ember_engine/build/CMakeFiles/CMakeScratch/TryCompile-3TAT5f/CheckSymbolExists.c: In function ‘main’:
/home/decaianinfinity/_programming_/ember_engine/build/CMakeFiles/CMakeScratch/TryCompile-3TAT5f/CheckSymbolExists.c:26:19: error: ‘strlcpy’ undeclared (first use in this function); did you mean ‘strncpy’?
   26 |   return ((int*)(&strlcpy))[argc];
      |                   ^~~~~~~
      |                   strncpy
/home/decaianinfinity/_programming_/ember_engine/build/CMakeFiles/CMakeScratch/TryCompile-3TAT5f/CheckSymbolExists.c:26:19: note: each undeclared identifier is reported only once for each function it appears in
gmake[1]: *** [CMakeFiles/cmTC_f6be5.dir/build.make:78: CMakeFiles/cmTC_f6be5.dir/CheckSymbolExists.c.o] Error 1
gmake[1]: Leaving directory '/home/decaianinfinity/_programming_/ember_engine/build/CMakeFiles/CMakeScratch/TryCompile-3TAT5f'
gmake: *** [Makefile:127: cmTC_f6be5/fast] Error 2


File CheckSymbolExists.c:
/* */
#include <float.h>
#include <iconv.h>
#include <inttypes.h>
#include <limits.h>
#include <malloc.h>
#include <math.h>
#include <memory.h>
#include <signal.h>
#include <stdarg.h>
#include <stdbool.h>
#include <stddef.h>
#include <stdint.h>
#include <stdio.h>
#include <stdlib.h>
#include <string.h>
#include <strings.h>
#include <sys/types.h>
#include <time.h>
#include <wchar.h>

int main(int argc, char** argv)
{
  (void)argv;
#ifndef strlcpy
  return ((int*)(&strlcpy))[argc];
#else
  (void)argc;
  return 0;
#endif
}
Determining if the strnstr exist failed with the following output:
Change Dir: /home/decaianinfinity/_programming_/ember_engine/build/CMakeFiles/CMakeScratch/TryCompile-F5BYGe

Run Build Command(s):/usr/bin/gmake -f Makefile cmTC_dd5ad/fast && /usr/bin/gmake  -f CMakeFiles/cmTC_dd5ad.dir/build.make CMakeFiles/cmTC_dd5ad.dir/build
gmake[1]: Entering directory '/home/decaianinfinity/_programming_/ember_engine/build/CMakeFiles/CMakeScratch/TryCompile-F5BYGe'
Building C object CMakeFiles/cmTC_dd5ad.dir/CheckSymbolExists.c.o
/usr/bin/cc   -D_GNU_SOURCE=1 -std=gnu11 -o CMakeFiles/cmTC_dd5ad.dir/CheckSymbolExists.c.o -c /home/decaianinfinity/_programming_/ember_engine/build/CMakeFiles/CMakeScratch/TryCompile-F5BYGe/CheckSymbolExists.c
/home/decaianinfinity/_programming_/ember_engine/build/CMakeFiles/CMakeScratch/TryCompile-F5BYGe/CheckSymbolExists.c: In function ‘main’:
/home/decaianinfinity/_programming_/ember_engine/build/CMakeFiles/CMakeScratch/TryCompile-F5BYGe/CheckSymbolExists.c:26:19: error: ‘strnstr’ undeclared (first use in this function); did you mean ‘strstr’?
   26 |   return ((int*)(&strnstr))[argc];
      |                   ^~~~~~~
      |                   strstr
/home/decaianinfinity/_programming_/ember_engine/build/CMakeFiles/CMakeScratch/TryCompile-F5BYGe/CheckSymbolExists.c:26:19: note: each undeclared identifier is reported only once for each function it appears in
gmake[1]: *** [CMakeFiles/cmTC_dd5ad.dir/build.make:78: CMakeFiles/cmTC_dd5ad.dir/CheckSymbolExists.c.o] Error 1
gmake[1]: Leaving directory '/home/decaianinfinity/_programming_/ember_engine/build/CMakeFiles/CMakeScratch/TryCompile-F5BYGe'
gmake: *** [Makefile:127: cmTC_dd5ad/fast] Error 2


File CheckSymbolExists.c:
/* */
#include <float.h>
#include <iconv.h>
#include <inttypes.h>
#include <limits.h>
#include <malloc.h>
#include <math.h>
#include <memory.h>
#include <signal.h>
#include <stdarg.h>
#include <stdbool.h>
#include <stddef.h>
#include <stdint.h>
#include <stdio.h>
#include <stdlib.h>
#include <string.h>
#include <strings.h>
#include <sys/types.h>
#include <time.h>
#include <wchar.h>

int main(int argc, char** argv)
{
  (void)argv;
#ifndef strnstr
  return ((int*)(&strnstr))[argc];
#else
  (void)argc;
  return 0;
#endif
}
Determining if the wcslcat exist failed with the following output:
Change Dir: /home/decaianinfinity/_programming_/ember_engine/build/CMakeFiles/CMakeScratch/TryCompile-hYzgWY

Run Build Command(s):/usr/bin/gmake -f Makefile cmTC_e1ca4/fast && /usr/bin/gmake  -f CMakeFiles/cmTC_e1ca4.dir/build.make CMakeFiles/cmTC_e1ca4.dir/build
gmake[1]: Entering directory '/home/decaianinfinity/_programming_/ember_engine/build/CMakeFiles/CMakeScratch/TryCompile-hYzgWY'
Building C object CMakeFiles/cmTC_e1ca4.dir/CheckSymbolExists.c.o
/usr/bin/cc   -D_GNU_SOURCE=1 -std=gnu11 -o CMakeFiles/cmTC_e1ca4.dir/CheckSymbolExists.c.o -c /home/decaianinfinity/_programming_/ember_engine/build/CMakeFiles/CMakeScratch/TryCompile-hYzgWY/CheckSymbolExists.c
/home/decaianinfinity/_programming_/ember_engine/build/CMakeFiles/CMakeScratch/TryCompile-hYzgWY/CheckSymbolExists.c: In function ‘main’:
/home/decaianinfinity/_programming_/ember_engine/build/CMakeFiles/CMakeScratch/TryCompile-hYzgWY/CheckSymbolExists.c:26:19: error: ‘wcslcat’ undeclared (first use in this function); did you mean ‘wcsncat’?
   26 |   return ((int*)(&wcslcat))[argc];
      |                   ^~~~~~~
      |                   wcsncat
/home/decaianinfinity/_programming_/ember_engine/build/CMakeFiles/CMakeScratch/TryCompile-hYzgWY/CheckSymbolExists.c:26:19: note: each undeclared identifier is reported only once for each function it appears in
gmake[1]: *** [CMakeFiles/cmTC_e1ca4.dir/build.make:78: CMakeFiles/cmTC_e1ca4.dir/CheckSymbolExists.c.o] Error 1
gmake[1]: Leaving directory '/home/decaianinfinity/_programming_/ember_engine/build/CMakeFiles/CMakeScratch/TryCompile-hYzgWY'
gmake: *** [Makefile:127: cmTC_e1ca4/fast] Error 2


File CheckSymbolExists.c:
/* */
#include <float.h>
#include <iconv.h>
#include <inttypes.h>
#include <limits.h>
#include <malloc.h>
#include <math.h>
#include <memory.h>
#include <signal.h>
#include <stdarg.h>
#include <stdbool.h>
#include <stddef.h>
#include <stdint.h>
#include <stdio.h>
#include <stdlib.h>
#include <string.h>
#include <strings.h>
#include <sys/types.h>
#include <time.h>
#include <wchar.h>

int main(int argc, char** argv)
{
  (void)argv;
#ifndef wcslcat
  return ((int*)(&wcslcat))[argc];
#else
  (void)argc;
  return 0;
#endif
}
Determining if the wcslcpy exist failed with the following output:
Change Dir: /home/decaianinfinity/_programming_/ember_engine/build/CMakeFiles/CMakeScratch/TryCompile-8YtPlk

Run Build Command(s):/usr/bin/gmake -f Makefile cmTC_80e2e/fast && /usr/bin/gmake  -f CMakeFiles/cmTC_80e2e.dir/build.make CMakeFiles/cmTC_80e2e.dir/build
gmake[1]: Entering directory '/home/decaianinfinity/_programming_/ember_engine/build/CMakeFiles/CMakeScratch/TryCompile-8YtPlk'
Building C object CMakeFiles/cmTC_80e2e.dir/CheckSymbolExists.c.o
/usr/bin/cc   -D_GNU_SOURCE=1 -std=gnu11 -o CMakeFiles/cmTC_80e2e.dir/CheckSymbolExists.c.o -c /home/decaianinfinity/_programming_/ember_engine/build/CMakeFiles/CMakeScratch/TryCompile-8YtPlk/CheckSymbolExists.c
/home/decaianinfinity/_programming_/ember_engine/build/CMakeFiles/CMakeScratch/TryCompile-8YtPlk/CheckSymbolExists.c: In function ‘main’:
/home/decaianinfinity/_programming_/ember_engine/build/CMakeFiles/CMakeScratch/TryCompile-8YtPlk/CheckSymbolExists.c:26:19: error: ‘wcslcpy’ undeclared (first use in this function); did you mean ‘wcsncpy’?
   26 |   return ((int*)(&wcslcpy))[argc];
      |                   ^~~~~~~
      |                   wcsncpy
/home/decaianinfinity/_programming_/ember_engine/build/CMakeFiles/CMakeScratch/TryCompile-8YtPlk/CheckSymbolExists.c:26:19: note: each undeclared identifier is reported only once for each function it appears in
gmake[1]: *** [CMakeFiles/cmTC_80e2e.dir/build.make:78: CMakeFiles/cmTC_80e2e.dir/CheckSymbolExists.c.o] Error 1
gmake[1]: Leaving directory '/home/decaianinfinity/_programming_/ember_engine/build/CMakeFiles/CMakeScratch/TryCompile-8YtPlk'
gmake: *** [Makefile:127: cmTC_80e2e/fast] Error 2


File CheckSymbolExists.c:
/* */
#include <float.h>
#include <iconv.h>
#include <inttypes.h>
#include <limits.h>
#include <malloc.h>
#include <math.h>
#include <memory.h>
#include <signal.h>
#include <stdarg.h>
#include <stdbool.h>
#include <stddef.h>
#include <stdint.h>
#include <stdio.h>
#include <stdlib.h>
#include <string.h>
#include <strings.h>
#include <sys/types.h>
#include <time.h>
#include <wchar.h>

int main(int argc, char** argv)
{
  (void)argv;
#ifndef wcslcpy
  return ((int*)(&wcslcpy))[argc];
#else
  (void)argc;
  return 0;
#endif
}
Determining if the sysctlbyname exist failed with the following output:
Change Dir: /home/decaianinfinity/_programming_/ember_engine/build/CMakeFiles/CMakeScratch/TryCompile-KevTMw

Run Build Command(s):/usr/bin/gmake -f Makefile cmTC_c1793/fast && /usr/bin/gmake  -f CMakeFiles/cmTC_c1793.dir/build.make CMakeFiles/cmTC_c1793.dir/build
gmake[1]: Entering directory '/home/decaianinfinity/_programming_/ember_engine/build/CMakeFiles/CMakeScratch/TryCompile-KevTMw'
Building C object CMakeFiles/cmTC_c1793.dir/CheckSymbolExists.c.o
/usr/bin/cc   -D_GNU_SOURCE=1 -std=gnu11 -o CMakeFiles/cmTC_c1793.dir/CheckSymbolExists.c.o -c /home/decaianinfinity/_programming_/ember_engine/build/CMakeFiles/CMakeScratch/TryCompile-KevTMw/CheckSymbolExists.c
/home/decaianinfinity/_programming_/ember_engine/build/CMakeFiles/CMakeScratch/TryCompile-KevTMw/CheckSymbolExists.c:3:10: fatal error: sys/sysctl.h: No such file or directory
    3 | #include <sys/sysctl.h>
      |          ^~~~~~~~~~~~~~
compilation terminated.
gmake[1]: *** [CMakeFiles/cmTC_c1793.dir/build.make:78: CMakeFiles/cmTC_c1793.dir/CheckSymbolExists.c.o] Error 1
gmake[1]: Leaving directory '/home/decaianinfinity/_programming_/ember_engine/build/CMakeFiles/CMakeScratch/TryCompile-KevTMw'
gmake: *** [Makefile:127: cmTC_c1793/fast] Error 2


File CheckSymbolExists.c:
/* */
#include <sys/types.h>
#include <sys/sysctl.h>

int main(int argc, char** argv)
{
  (void)argv;
#ifndef sysctlbyname
  return ((int*)(&sysctlbyname))[argc];
#else
  (void)argc;
  return 0;
#endif
}
Determining if the elf_aux_info exist failed with the following output:
Change Dir: /home/decaianinfinity/_programming_/ember_engine/build/CMakeFiles/CMakeScratch/TryCompile-2OcnjY

Run Build Command(s):/usr/bin/gmake -f Makefile cmTC_5c057/fast && /usr/bin/gmake  -f CMakeFiles/cmTC_5c057.dir/build.make CMakeFiles/cmTC_5c057.dir/build
gmake[1]: Entering directory '/home/decaianinfinity/_programming_/ember_engine/build/CMakeFiles/CMakeScratch/TryCompile-2OcnjY'
Building C object CMakeFiles/cmTC_5c057.dir/CheckSymbolExists.c.o
/usr/bin/cc   -D_GNU_SOURCE=1 -std=gnu11 -o CMakeFiles/cmTC_5c057.dir/CheckSymbolExists.c.o -c /home/decaianinfinity/_programming_/ember_engine/build/CMakeFiles/CMakeScratch/TryCompile-2OcnjY/CheckSymbolExists.c
/home/decaianinfinity/_programming_/ember_engine/build/CMakeFiles/CMakeScratch/TryCompile-2OcnjY/CheckSymbolExists.c: In function ‘main’:
/home/decaianinfinity/_programming_/ember_engine/build/CMakeFiles/CMakeScratch/TryCompile-2OcnjY/CheckSymbolExists.c:8:19: error: ‘elf_aux_info’ undeclared (first use in this function)
    8 |   return ((int*)(&elf_aux_info))[argc];
      |                   ^~~~~~~~~~~~
/home/decaianinfinity/_programming_/ember_engine/build/CMakeFiles/CMakeScratch/TryCompile-2OcnjY/CheckSymbolExists.c:8:19: note: each undeclared identifier is reported only once for each function it appears in
gmake[1]: *** [CMakeFiles/cmTC_5c057.dir/build.make:78: CMakeFiles/cmTC_5c057.dir/CheckSymbolExists.c.o] Error 1
gmake[1]: Leaving directory '/home/decaianinfinity/_programming_/ember_engine/build/CMakeFiles/CMakeScratch/TryCompile-2OcnjY'
gmake: *** [Makefile:127: cmTC_5c057/fast] Error 2


File CheckSymbolExists.c:
/* */
#include <sys/auxv.h>

int main(int argc, char** argv)
{
  (void)argv;
#ifndef elf_aux_info
  return ((int*)(&elf_aux_info))[argc];
#else
  (void)argc;
  return 0;
#endif
}
Performing C SOURCE FILE Test ICONV_IN_LIBICONV failed with the following output:
Change Dir: /home/decaianinfinity/_programming_/ember_engine/build/CMakeFiles/CMakeScratch/TryCompile-wR84Da

Run Build Command(s):/usr/bin/gmake -f Makefile cmTC_82020/fast && /usr/bin/gmake  -f CMakeFiles/cmTC_82020.dir/build.make CMakeFiles/cmTC_82020.dir/build
gmake[1]: Entering directory '/home/decaianinfinity/_programming_/ember_engine/build/CMakeFiles/CMakeScratch/TryCompile-wR84Da'
Building C object CMakeFiles/cmTC_82020.dir/src.c.o
/usr/bin/cc -DICONV_IN_LIBICONV  -D_GNU_SOURCE=1 -std=gnu11 -o CMakeFiles/cmTC_82020.dir/src.c.o -c /home/decaianinfinity/_programming_/ember_engine/build/CMakeFiles/CMakeScratch/TryCompile-wR84Da/src.c
Linking C executable cmTC_82020
/home/decaianinfinity/.local/lib/python3.10/site-packages/cmake/data/bin/cmake -E cmake_link_script CMakeFiles/cmTC_82020.dir/link.txt --verbose=1
/usr/bin/cc   -D_GNU_SOURCE=1 CMakeFiles/cmTC_82020.dir/src.c.o -o cmTC_82020  -liconv 
/usr/bin/ld: cannot find -liconv: No such file or directory
collect2: error: ld returned 1 exit status
gmake[1]: *** [CMakeFiles/cmTC_82020.dir/build.make:99: cmTC_82020] Error 1
gmake[1]: Leaving directory '/home/decaianinfinity/_programming_/ember_engine/build/CMakeFiles/CMakeScratch/TryCompile-wR84Da'
gmake: *** [Makefile:127: cmTC_82020/fast] Error 2


Source file was:

        #include <stddef.h>
        #include <iconv.h>
        int main(int argc, char **argv) {
            return !iconv_open(NULL,NULL);
        }

Determining if the include file libudev.h exists failed with the following output:
Change Dir: /home/decaianinfinity/_programming_/ember_engine/build/CMakeFiles/CMakeScratch/TryCompile-v95Vsb

Run Build Command(s):/usr/bin/gmake -f Makefile cmTC_ab2b3/fast && /usr/bin/gmake  -f CMakeFiles/cmTC_ab2b3.dir/build.make CMakeFiles/cmTC_ab2b3.dir/build
gmake[1]: Entering directory '/home/decaianinfinity/_programming_/ember_engine/build/CMakeFiles/CMakeScratch/TryCompile-v95Vsb'
Building C object CMakeFiles/cmTC_ab2b3.dir/CheckIncludeFile.c.o
/usr/bin/cc   -D_GNU_SOURCE=1 -std=gnu11 -o CMakeFiles/cmTC_ab2b3.dir/CheckIncludeFile.c.o -c /home/decaianinfinity/_programming_/ember_engine/build/CMakeFiles/CMakeScratch/TryCompile-v95Vsb/CheckIncludeFile.c
/home/decaianinfinity/_programming_/ember_engine/build/CMakeFiles/CMakeScratch/TryCompile-v95Vsb/CheckIncludeFile.c:1:10: fatal error: libudev.h: No such file or directory
    1 | #include <libudev.h>
      |          ^~~~~~~~~~~
compilation terminated.
gmake[1]: *** [CMakeFiles/cmTC_ab2b3.dir/build.make:78: CMakeFiles/cmTC_ab2b3.dir/CheckIncludeFile.c.o] Error 1
gmake[1]: Leaving directory '/home/decaianinfinity/_programming_/ember_engine/build/CMakeFiles/CMakeScratch/TryCompile-v95Vsb'
gmake: *** [Makefile:127: cmTC_ab2b3/fast] Error 2



Performing C SOURCE FILE Test LIBC_HAS_WORKING_LIBUNWIND failed with the following output:
Change Dir: /home/decaianinfinity/_programming_/ember_engine/build/CMakeFiles/CMakeScratch/TryCompile-irjj18

Run Build Command(s):/usr/bin/gmake -f Makefile cmTC_a2a89/fast && /usr/bin/gmake  -f CMakeFiles/cmTC_a2a89.dir/build.make CMakeFiles/cmTC_a2a89.dir/build
gmake[1]: Entering directory '/home/decaianinfinity/_programming_/ember_engine/build/CMakeFiles/CMakeScratch/TryCompile-irjj18'
Building C object CMakeFiles/cmTC_a2a89.dir/src.c.o
/usr/bin/cc -DLIBC_HAS_WORKING_LIBUNWIND  -D_GNU_SOURCE=1 -std=gnu11 -o CMakeFiles/cmTC_a2a89.dir/src.c.o -c /home/decaianinfinity/_programming_/ember_engine/build/CMakeFiles/CMakeScratch/TryCompile-irjj18/src.c
/home/decaianinfinity/_programming_/ember_engine/build/CMakeFiles/CMakeScratch/TryCompile-irjj18/src.c:1:16: fatal error: libunwind.h: No such file or directory
    1 |       #include <libunwind.h>
      |                ^~~~~~~~~~~~~
compilation terminated.
gmake[1]: *** [CMakeFiles/cmTC_a2a89.dir/build.make:78: CMakeFiles/cmTC_a2a89.dir/src.c.o] Error 1
gmake[1]: Leaving directory '/home/decaianinfinity/_programming_/ember_engine/build/CMakeFiles/CMakeScratch/TryCompile-irjj18'
gmake: *** [Makefile:127: cmTC_a2a89/fast] Error 2


Source file was:
      #include <libunwind.h>
      int main(int argc, char *argv[]) {
        (void)argc; (void)argv;
        unw_context_t context;
        unw_cursor_t cursor;
        unw_word_t pc;
        char sym[256];
        unw_word_t offset;
        unw_getcontext(&context);
        unw_step(&cursor);
        unw_get_reg(&cursor, UNW_REG_IP, &pc);
        unw_get_proc_name(&cursor, sym, sizeof(sym), &offset);
        return 0;
      }

Performing C SOURCE FILE Test LIBUNWIND_HAS_WORKINGLIBUNWIND failed with the following output:
Change Dir: /home/decaianinfinity/_programming_/ember_engine/build/CMakeFiles/CMakeScratch/TryCompile-cgqwIX

Run Build Command(s):/usr/bin/gmake -f Makefile cmTC_87422/fast && /usr/bin/gmake  -f CMakeFiles/cmTC_87422.dir/build.make CMakeFiles/cmTC_87422.dir/build
gmake[1]: Entering directory '/home/decaianinfinity/_programming_/ember_engine/build/CMakeFiles/CMakeScratch/TryCompile-cgqwIX'
Building C object CMakeFiles/cmTC_87422.dir/src.c.o
/usr/bin/cc -DLIBUNWIND_HAS_WORKINGLIBUNWIND  -D_GNU_SOURCE=1 -std=gnu11 -o CMakeFiles/cmTC_87422.dir/src.c.o -c /home/decaianinfinity/_programming_/ember_engine/build/CMakeFiles/CMakeScratch/TryCompile-cgqwIX/src.c
/home/decaianinfinity/_programming_/ember_engine/build/CMakeFiles/CMakeScratch/TryCompile-cgqwIX/src.c:1:16: fatal error: libunwind.h: No such file or directory
    1 |       #include <libunwind.h>
      |                ^~~~~~~~~~~~~
compilation terminated.
gmake[1]: *** [CMakeFiles/cmTC_87422.dir/build.make:78: CMakeFiles/cmTC_87422.dir/src.c.o] Error 1
gmake[1]: Leaving directory '/home/decaianinfinity/_programming_/ember_engine/build/CMakeFiles/CMakeScratch/TryCompile-cgqwIX'
gmake: *** [Makefile:127: cmTC_87422/fast] Error 2


Source file was:
      #include <libunwind.h>
      int main(int argc, char *argv[]) {
        (void)argc; (void)argv;
        unw_context_t context;
        unw_cursor_t cursor;
        unw_word_t pc;
        char sym[256];
        unw_word_t offset;
        unw_getcontext(&context);
        unw_step(&cursor);
        unw_get_reg(&cursor, UNW_REG_IP, &pc);
        unw_get_proc_name(&cursor, sym, sizeof(sym), &offset);
        return 0;
      }

Determining if the include file pthread_np.h exists failed with the following output:
Change Dir: /home/decaianinfinity/_programming_/ember_engine/build/CMakeFiles/CMakeScratch/TryCompile-YvlOid

Run Build Command(s):/usr/bin/gmake -f Makefile cmTC_5e6bb/fast && /usr/bin/gmake  -f CMakeFiles/cmTC_5e6bb.dir/build.make CMakeFiles/cmTC_5e6bb.dir/build
gmake[1]: Entering directory '/home/decaianinfinity/_programming_/ember_engine/build/CMakeFiles/CMakeScratch/TryCompile-YvlOid'
Building C object CMakeFiles/cmTC_5e6bb.dir/CheckIncludeFile.c.o
/usr/bin/cc   -D_GNU_SOURCE=1 -D_REENTRANT -pthread -std=gnu11 -o CMakeFiles/cmTC_5e6bb.dir/CheckIncludeFile.c.o -c /home/decaianinfinity/_programming_/ember_engine/build/CMakeFiles/CMakeScratch/TryCompile-YvlOid/CheckIncludeFile.c
/home/decaianinfinity/_programming_/ember_engine/build/CMakeFiles/CMakeScratch/TryCompile-YvlOid/CheckIncludeFile.c:1:10: fatal error: pthread_np.h: No such file or directory
    1 | #include <pthread_np.h>
      |          ^~~~~~~~~~~~~~
compilation terminated.
gmake[1]: *** [CMakeFiles/cmTC_5e6bb.dir/build.make:78: CMakeFiles/cmTC_5e6bb.dir/CheckIncludeFile.c.o] Error 1
gmake[1]: Leaving directory '/home/decaianinfinity/_programming_/ember_engine/build/CMakeFiles/CMakeScratch/TryCompile-YvlOid'
gmake: *** [Makefile:127: cmTC_5e6bb/fast] Error 2



